Determining if the pthread_create exist failed with the following output:
Change Dir: /home/liutong/pcl_ws/01/build/CMakeFiles/CMakeTmp

Run Build Command:"/usr/bin/make" "cmTC_5f9cb/fast"
/usr/bin/make -f CMakeFiles/cmTC_5f9cb.dir/build.make CMakeFiles/cmTC_5f9cb.dir/build
make[1]: Entering directory '/home/liutong/pcl_ws/01/build/CMakeFiles/CMakeTmp'
Building C object CMakeFiles/cmTC_5f9cb.dir/CheckSymbolExists.c.o
/usr/bin/cc    -o CMakeFiles/cmTC_5f9cb.dir/CheckSymbolExists.c.o   -c /home/liutong/pcl_ws/01/build/CMakeFiles/CMakeTmp/CheckSymbolExists.c
Linking C executable cmTC_5f9cb
/usr/bin/cmake -E cmake_link_script CMakeFiles/cmTC_5f9cb.dir/link.txt --verbose=1
/usr/bin/cc      -rdynamic CMakeFiles/cmTC_5f9cb.dir/CheckSymbolExists.c.o  -o cmTC_5f9cb 
CMakeFiles/cmTC_5f9cb.dir/CheckSymbolExists.c.o: In function `main':
CheckSymbolExists.c:(.text+0x1b): undefined reference to `pthread_create'
collect2: error: ld returned 1 exit status
CMakeFiles/cmTC_5f9cb.dir/build.make:97: recipe for target 'cmTC_5f9cb' failed
make[1]: *** [cmTC_5f9cb] Error 1
make[1]: Leaving directory '/home/liutong/pcl_ws/01/build/CMakeFiles/CMakeTmp'
Makefile:126: recipe for target 'cmTC_5f9cb/fast' failed
make: *** [cmTC_5f9cb/fast] Error 2

File /home/liutong/pcl_ws/01/build/CMakeFiles/CMakeTmp/CheckSymbolExists.c:
/* */
#include <pthread.h>

int main(int argc, char** argv)
{
  (void)argv;
#ifndef pthread_create
  return ((int*)(&pthread_create))[argc];
#else
  (void)argc;
  return 0;
#endif
}

Determining if the function pthread_create exists in the pthreads failed with the following output:
Change Dir: /home/liutong/pcl_ws/01/build/CMakeFiles/CMakeTmp

Run Build Command:"/usr/bin/make" "cmTC_f652d/fast"
/usr/bin/make -f CMakeFiles/cmTC_f652d.dir/build.make CMakeFiles/cmTC_f652d.dir/build
make[1]: Entering directory '/home/liutong/pcl_ws/01/build/CMakeFiles/CMakeTmp'
Building C object CMakeFiles/cmTC_f652d.dir/CheckFunctionExists.c.o
/usr/bin/cc   -DCHECK_FUNCTION_EXISTS=pthread_create   -o CMakeFiles/cmTC_f652d.dir/CheckFunctionExists.c.o   -c /usr/share/cmake-3.10/Modules/CheckFunctionExists.c
Linking C executable cmTC_f652d
/usr/bin/cmake -E cmake_link_script CMakeFiles/cmTC_f652d.dir/link.txt --verbose=1
/usr/bin/cc  -DCHECK_FUNCTION_EXISTS=pthread_create    -rdynamic CMakeFiles/cmTC_f652d.dir/CheckFunctionExists.c.o  -o cmTC_f652d -lpthreads 
/usr/bin/ld: cannot find -lpthreads
collect2: error: ld returned 1 exit status
CMakeFiles/cmTC_f652d.dir/build.make:97: recipe for target 'cmTC_f652d' failed
make[1]: *** [cmTC_f652d] Error 1
make[1]: Leaving directory '/home/liutong/pcl_ws/01/build/CMakeFiles/CMakeTmp'
Makefile:126: recipe for target 'cmTC_f652d/fast' failed
make: *** [cmTC_f652d/fast] Error 2


